f:\15pb学习项目\new\任务管理器\任务管理器\x64\debug\任务管理器.pch
f:\15pb学习项目\new\任务管理器\任务管理器\x64\debug\vc140.pdb
f:\15pb学习项目\new\任务管理器\任务管理器\x64\debug\vc140.idb
f:\15pb学习项目\new\任务管理器\任务管理器\x64\debug\stdafx.obj
f:\15pb学习项目\new\任务管理器\任务管理器\x64\debug\clist_heap.obj
f:\15pb学习项目\new\任务管理器\任务管理器\x64\debug\dlg.obj
f:\15pb学习项目\new\任务管理器\任务管理器\x64\debug\dlgthreadinfo.obj
f:\15pb学习项目\new\任务管理器\任务管理器\x64\debug\dlg_app.obj
f:\15pb学习项目\new\任务管理器\任务管理器\x64\debug\dlg_file.obj
f:\15pb学习项目\new\任务管理器\任务管理器\x64\debug\dlg_module.obj
f:\15pb学习项目\new\任务管理器\任务管理器\x64\debug\dlg_proc.obj
f:\15pb学习项目\new\任务管理器\任务管理器\x64\debug\listmodule.obj
f:\15pb学习项目\new\任务管理器\任务管理器\x64\debug\mylistctrl.obj
f:\15pb学习项目\new\任务管理器\任务管理器\x64\debug\mylistctrlapp.obj
f:\15pb学习项目\new\任务管理器\任务管理器\x64\debug\mylistctrlfile.obj
f:\15pb学习项目\new\任务管理器\任务管理器\x64\debug\mylistthread.obj
f:\15pb学习项目\new\任务管理器\任务管理器\x64\debug\mytable.obj
f:\15pb学习项目\new\任务管理器\任务管理器\x64\debug\任务管理器.obj
f:\15pb学习项目\new\任务管理器\任务管理器\x64\debug\任务管理器dlg.obj
f:\15pb学习项目\new\任务管理器\x64\debug\任务管理器.ilk
f:\15pb学习项目\new\任务管理器\x64\debug\任务管理器.exe
f:\15pb学习项目\new\任务管理器\x64\debug\任务管理器.pdb
f:\15pb学习项目\new\任务管理器\任务管理器\x64\debug\任务管理器.res
f:\15pb学习项目\new\任务管理器\任务管理器\x64\debug\任务管理器.tlog\cl.command.1.tlog
f:\15pb学习项目\new\任务管理器\任务管理器\x64\debug\任务管理器.tlog\cl.read.1.tlog
f:\15pb学习项目\new\任务管理器\任务管理器\x64\debug\任务管理器.tlog\cl.write.1.tlog
f:\15pb学习项目\new\任务管理器\任务管理器\x64\debug\任务管理器.tlog\link.command.1.tlog
f:\15pb学习项目\new\任务管理器\任务管理器\x64\debug\任务管理器.tlog\link.read.1.tlog
f:\15pb学习项目\new\任务管理器\任务管理器\x64\debug\任务管理器.tlog\link.write.1.tlog
f:\15pb学习项目\new\任务管理器\任务管理器\x64\debug\任务管理器.tlog\rc.command.1.tlog
f:\15pb学习项目\new\任务管理器\任务管理器\x64\debug\任务管理器.tlog\rc.read.1.tlog
f:\15pb学习项目\new\任务管理器\任务管理器\x64\debug\任务管理器.tlog\rc.write.1.tlog
