生成启动时间为 2018/11/19 19:48:33。
     1>项目“F:\15pb学习项目\new\任务管理器\任务管理器\任务管理器.vcxproj”在节点 2 上(Build 个目标)。
     1>ClCompile:
         D:\Program Files\VC\bin\CL.exe /c /ZI /nologo /W3 /WX- /sdl /Od /Oy- /D _CRT_SECURE_NO_WARNINGS /D _UNICODE /D UNICODE /D _AFXDLL /Gm /EHsc /RTC1 /MDd /GS /fp:precise /Zc:wchar_t /Zc:forScope /Yu"stdafx.h" /Fp"Debug\任务管理器.pch" /Fo"Debug\\" /Fd"Debug\vc120.pdb" /Gd /TP /analyze- /errorReport:prompt Dlg_file.cpp
         Dlg_file.cpp
       Link:
         D:\Program Files\VC\bin\link.exe /ERRORREPORT:PROMPT /OUT:"F:\15pb学习项目\new\任务管理器\Debug\任务管理器.exe" /INCREMENTAL /NOLOGO /MANIFEST /MANIFESTUAC:"level='asInvoker' uiAccess='false'" /manifest:embed /manifestinput:"D:\Program Files\VC\Include\Manifest\dpiaware.manifest" /DEBUG /PDB:"F:\15pb学习项目\new\任务管理器\Debug\任务管理器.pdb" /SUBSYSTEM:WINDOWS /TLBID:1 /ENTRY:"wWinMainCRTStartup" /DYNAMICBASE /NXCOMPAT /IMPLIB:"F:\15pb学习项目\new\任务管理器\Debug\任务管理器.lib" /MACHINE:X86 "Debug\任务管理器.res"
         Debug\Clist_heap.obj
         Debug\Dlg.obj
         Debug\DlgThreadInfo.obj
         Debug\Dlg_app.obj
         Debug\Dlg_file.obj
         Debug\Dlg_module.obj
         Debug\Dlg_proc.obj
         Debug\ListModule.obj
         Debug\MylistCtrl.obj
         Debug\MylistCtrlApp.obj
         Debug\MyListCtrlFile.obj
         Debug\MyListThread.obj
         Debug\MyTable.obj
         Debug\stdafx.obj
         "Debug\任务管理器.obj"
         "Debug\任务管理器Dlg.obj"
         任务管理器.vcxproj -> F:\15pb学习项目\new\任务管理器\Debug\任务管理器.exe
     1>已完成生成项目“F:\15pb学习项目\new\任务管理器\任务管理器\任务管理器.vcxproj”(Build 个目标)的操作。

生成成功。

已用时间 00:00:01.77
